<?xml version="1.0" encoding="UTF-8"?>
<!-- Generated by org.testng.reporters.JUnitXMLReporter -->
<testsuite ignored="0" hostname="LinhLaptop" failures="0" tests="14" name="Free CRM App Test Cases" time="230.323" errors="0" timestamp="08 Jun 2018 20:40:12 GMT">
  <testcase classname="com.crm.qa.testcases.LoginPageTest" name="loginPageTitleTest" time="0.029"/>
  <testcase classname="com.crm.qa.testcases.HomePageTest" name="verifyHomePageTitleTest" time="0.06"/>
  <testcase classname="com.crm.qa.testcases.ContactsPageTest" name="verifyContactsPageLabel" time="0.891"/>
  <testcase classname="com.crm.qa.testcases.LoginPageTest" name="crmLogoImageTest" time="0.1"/>
  <testcase classname="com.crm.qa.testcases.HomePageTest" name="verifyUserNameTest" time="0.09"/>
  <testcase classname="com.crm.qa.testcases.ContactsPageTest" name="selectSingleContactsTest" time="0.631"/>
  <testcase classname="com.crm.qa.testcases.LoginPageTest" name="loginTest" time="3.024"/>
  <testcase classname="com.crm.qa.testcases.HomePageTest" name="verifyContactsLinkTest" time="0.149"/>
  <testcase classname="com.crm.qa.testcases.ContactsPageTest" name="selectMultipleContactsTest" time="0.655"/>
  <testcase classname="com.crm.qa.testcases.HomePageTest" name="verifyBrokenLinksAndImagesTest" time="92.375"/>
  <testcase classname="com.crm.qa.testcases.ContactsPageTest" name="validateCreateNewContactTest" time="1.467"/>
  <testcase classname="com.crm.qa.testcases.ContactsPageTest" name="validateCreateNewContact" time="1.128"/>
  <testcase classname="com.crm.qa.testcases.ContactsPageTest" name="validateCreateNewContact" time="1.224"/>
  <testcase classname="com.crm.qa.testcases.ContactsPageTest" name="validateCreateNewContact" time="1.274"/>
</testsuite> <!-- Free CRM App Test Cases -->
