<?xml version="1.0" encoding="UTF-8"?>
<!-- Generated by org.testng.reporters.JUnitXMLReporter -->
<testsuite ignored="3" hostname="LinhLaptop" failures="0" tests="1" name="Default test" time="13.783" errors="0" timestamp="10 Jun 2018 01:03:24 GMT">
  <testcase classname="com.crm.qa.testcases.HomePageTest" name="verifyHomePageTitleTest" time="0.241"/>
  <testcase classname="com.crm.qa.testcases.HomePageTest" name="verifyBrokenLinksAndImagesTest" time="0.0">
    <ignored/>
  </testcase> <!-- verifyBrokenLinksAndImagesTest -->
  <testcase classname="com.crm.qa.testcases.HomePageTest" name="verifyUserNameTest" time="0.0">
    <ignored/>
  </testcase> <!-- verifyUserNameTest -->
  <testcase classname="com.crm.qa.testcases.HomePageTest" name="verifyContactsLinkTest" time="0.0">
    <ignored/>
  </testcase> <!-- verifyContactsLinkTest -->
</testsuite> <!-- Default test -->
