<?xml version="1.0" encoding="UTF-8"?>
<!-- Generated by org.testng.reporters.JUnitXMLReporter -->
<testsuite ignored="0" hostname="LinhLaptop" failures="0" tests="17" name="Command line test" time="215.935" errors="0" timestamp="20 Jun 2018 23:52:50 GMT">
  <testcase classname="com.crm.qa.testcases.ContactsPageTest" name="verifyContactsPageLabel" time="0.049"/>
  <testcase classname="com.crm.qa.testcases.DealsPageTest" name="verifyDealsLabelTest" time="0.055"/>
  <testcase classname="com.crm.qa.testcases.HomePageTest" name="verifyHomePageTitleTest" time="0.089"/>
  <testcase classname="com.crm.qa.testcases.LoginPageTest" name="loginPageTitleTest" time="0.041"/>
  <testcase classname="com.crm.qa.testcases.TasksPageTest" name="verifyTasksPageLabel" time="0.046"/>
  <testcase classname="com.crm.qa.testcases.ContactsPageTest" name="selectSingleContactsTest" time="0.085"/>
  <testcase classname="com.crm.qa.testcases.DealsPageTest" name="createNewDealTest" time="6.229"/>
  <testcase classname="com.crm.qa.testcases.DealsPageTest" name="createNewDealTest" time="6.66"/>
  <testcase classname="com.crm.qa.testcases.HomePageTest" name="verifyUserNameTest" time="0.225"/>
  <testcase classname="com.crm.qa.testcases.LoginPageTest" name="crmLogoImageTest" time="0.084"/>
  <testcase classname="com.crm.qa.testcases.ContactsPageTest" name="selectMultipleContactsTest" time="0.201"/>
  <testcase classname="com.crm.qa.testcases.HomePageTest" name="verifyContactsLinkTest" time="1.968"/>
  <testcase classname="com.crm.qa.testcases.LoginPageTest" name="loginTest" time="2.918"/>
  <testcase classname="com.crm.qa.testcases.ContactsPageTest" name="validateCreateNewContactTest" time="2.689"/>
  <testcase classname="com.crm.qa.testcases.ContactsPageTest" name="validateCreateNewContact" time="2.263"/>
  <testcase classname="com.crm.qa.testcases.ContactsPageTest" name="validateCreateNewContact" time="2.187"/>
  <testcase classname="com.crm.qa.testcases.ContactsPageTest" name="validateCreateNewContact" time="2.208"/>
</testsuite> <!-- Command line test -->
