<?xml version="1.0" encoding="UTF-8"?>
<!-- Generated by org.testng.reporters.JUnitXMLReporter -->
<testsuite ignored="0" hostname="LinhLaptop" failures="0" tests="7" name="Command line test" time="84.562" errors="0" timestamp="21 Jun 2018 20:44:09 GMT">
  <testcase classname="com.crm.qa.testcases.ContactsPageTest" name="verifyContactsPageLabel" time="0.032"/>
  <testcase classname="com.crm.qa.testcases.DealsPageTest" name="verifyDealsLabelTest" time="0.044"/>
  <testcase classname="com.crm.qa.testcases.HomePageTest" name="verifyHomePageTitleTest" time="0.044"/>
  <testcase classname="com.crm.qa.testcases.LoginPageTest" name="loginPageTitleTest" time="0.026"/>
  <testcase classname="com.crm.qa.testcases.TasksPageTest" name="verifyTasksPageLabel" time="0.032"/>
  <testcase classname="com.crm.qa.testcases.DealsPageTest" name="createNewDealTest" time="6.224"/>
  <testcase classname="com.crm.qa.testcases.DealsPageTest" name="createNewDealTest" time="5.908"/>
</testsuite> <!-- Command line test -->
