<?xml version="1.0" encoding="UTF-8"?>
<testng-results ignored="0" total="7" passed="7" failed="0" skipped="0">
  <reporter-output>
  </reporter-output>
  <suite started-at="2018-06-21T20:42:44Z" name="Command line suite" finished-at="2018-06-21T20:44:09Z" duration-ms="84562">
    <groups>
    </groups>
    <test started-at="2018-06-21T20:42:44Z" name="Command line test" finished-at="2018-06-21T20:44:09Z" duration-ms="84562">
      <class name="com.crm.qa.testcases.HomePageTest">
        <test-method is-config="true" signature="setUp()[pri:0, instance:com.crm.qa.testcases.HomePageTest@28eaa59a]" started-at="2018-06-21T13:43:07Z" name="setUp" finished-at="2018-06-21T13:43:15Z" duration-ms="8001" status="PASS">
          <reporter-output>
          </reporter-output>
        </test-method> <!-- setUp -->
        <test-method signature="verifyHomePageTitleTest()[pri:1, instance:com.crm.qa.testcases.HomePageTest@28eaa59a]" started-at="2018-06-21T13:43:15Z" name="verifyHomePageTitleTest" finished-at="2018-06-21T13:43:15Z" duration-ms="44" status="PASS">
          <reporter-output>
          </reporter-output>
        </test-method> <!-- verifyHomePageTitleTest -->
        <test-method is-config="true" signature="tearDown()[pri:0, instance:com.crm.qa.testcases.HomePageTest@28eaa59a]" started-at="2018-06-21T13:43:15Z" name="tearDown" finished-at="2018-06-21T13:43:15Z" duration-ms="580" status="PASS">
          <reporter-output>
          </reporter-output>
        </test-method> <!-- tearDown -->
      </class> <!-- com.crm.qa.testcases.HomePageTest -->
      <class name="com.crm.qa.testcases.ContactsPageTest">
        <test-method is-config="true" signature="setUp()[pri:0, instance:com.crm.qa.testcases.ContactsPageTest@3d51f06e]" started-at="2018-06-21T13:42:44Z" name="setUp" finished-at="2018-06-21T13:42:57Z" duration-ms="12907" status="PASS">
          <reporter-output>
          </reporter-output>
        </test-method> <!-- setUp -->
        <test-method signature="verifyContactsPageLabel()[pri:1, instance:com.crm.qa.testcases.ContactsPageTest@3d51f06e]" started-at="2018-06-21T13:42:57Z" name="verifyContactsPageLabel" finished-at="2018-06-21T13:42:57Z" duration-ms="32" status="PASS">
          <reporter-output>
          </reporter-output>
        </test-method> <!-- verifyContactsPageLabel -->
        <test-method is-config="true" signature="tearDown()[pri:0, instance:com.crm.qa.testcases.ContactsPageTest@3d51f06e]" started-at="2018-06-21T13:42:57Z" name="tearDown" finished-at="2018-06-21T13:42:58Z" duration-ms="584" status="PASS">
          <reporter-output>
          </reporter-output>
        </test-method> <!-- tearDown -->
      </class> <!-- com.crm.qa.testcases.ContactsPageTest -->
      <class name="com.crm.qa.testcases.TasksPageTest">
        <test-method is-config="true" signature="Setup()[pri:0, instance:com.crm.qa.testcases.TasksPageTest@647e447]" started-at="2018-06-21T13:43:21Z" name="Setup" finished-at="2018-06-21T13:43:33Z" duration-ms="11685" status="PASS">
          <reporter-output>
          </reporter-output>
        </test-method> <!-- Setup -->
        <test-method signature="verifyTasksPageLabel()[pri:1, instance:com.crm.qa.testcases.TasksPageTest@647e447]" started-at="2018-06-21T13:43:33Z" name="verifyTasksPageLabel" finished-at="2018-06-21T13:43:33Z" duration-ms="32" status="PASS">
          <reporter-output>
          </reporter-output>
        </test-method> <!-- verifyTasksPageLabel -->
        <test-method is-config="true" signature="tearDown()[pri:0, instance:com.crm.qa.testcases.TasksPageTest@647e447]" started-at="2018-06-21T13:43:33Z" name="tearDown" finished-at="2018-06-21T13:43:33Z" duration-ms="583" status="PASS">
          <reporter-output>
          </reporter-output>
        </test-method> <!-- tearDown -->
      </class> <!-- com.crm.qa.testcases.TasksPageTest -->
      <class name="com.crm.qa.testcases.DealsPageTest">
        <test-method is-config="true" signature="setUp()[pri:0, instance:com.crm.qa.testcases.DealsPageTest@7ed7259e]" started-at="2018-06-21T13:42:58Z" name="setUp" finished-at="2018-06-21T13:43:06Z" duration-ms="8272" status="PASS">
          <reporter-output>
          </reporter-output>
        </test-method> <!-- setUp -->
        <test-method signature="verifyDealsLabelTest()[pri:1, instance:com.crm.qa.testcases.DealsPageTest@7ed7259e]" started-at="2018-06-21T13:43:06Z" name="verifyDealsLabelTest" finished-at="2018-06-21T13:43:06Z" duration-ms="44" status="PASS">
          <reporter-output>
          </reporter-output>
        </test-method> <!-- verifyDealsLabelTest -->
        <test-method is-config="true" signature="tearDown()[pri:0, instance:com.crm.qa.testcases.DealsPageTest@7ed7259e]" started-at="2018-06-21T13:43:06Z" name="tearDown" finished-at="2018-06-21T13:43:07Z" duration-ms="576" status="PASS">
          <reporter-output>
          </reporter-output>
        </test-method> <!-- tearDown -->
        <test-method is-config="true" signature="setUp()[pri:0, instance:com.crm.qa.testcases.DealsPageTest@7ed7259e]" started-at="2018-06-21T13:43:34Z" name="setUp" finished-at="2018-06-21T13:43:46Z" duration-ms="12066" status="PASS">
          <reporter-output>
          </reporter-output>
        </test-method> <!-- setUp -->
        <test-method signature="createNewDealTest(java.lang.String, java.lang.String, java.lang.String, java.lang.String, java.lang.String, java.lang.String, java.lang.String)[pri:2, instance:com.crm.qa.testcases.DealsPageTest@7ed7259e]" started-at="2018-06-21T13:43:46Z" name="createNewDealTest" data-provider="getDealsTestData" finished-at="2018-06-21T13:43:52Z" duration-ms="6224" status="PASS">
          <params>
            <param index="0">
              <value>
                <![CDATA[CEO]]>
              </value>
            </param>
            <param index="1">
              <value>
                <![CDATA[BestBuy]]>
              </value>
            </param>
            <param index="2">
              <value>
                <![CDATA[William Nguyen]]>
              </value>
            </param>
            <param index="3">
              <value>
                <![CDATA[18.0]]>
              </value>
            </param>
            <param index="4">
              <value>
                <![CDATA[Referral]]>
              </value>
            </param>
            <param index="5">
              <value>
                <![CDATA[22-May-2018]]>
              </value>
            </param>
            <param index="6">
              <value>
                <![CDATA[30-May-2018]]>
              </value>
            </param>
          </params>
          <reporter-output>
          </reporter-output>
        </test-method> <!-- createNewDealTest -->
        <test-method is-config="true" signature="tearDown()[pri:0, instance:com.crm.qa.testcases.DealsPageTest@7ed7259e]" started-at="2018-06-21T13:43:52Z" name="tearDown" finished-at="2018-06-21T13:43:53Z" duration-ms="587" status="PASS">
          <reporter-output>
          </reporter-output>
        </test-method> <!-- tearDown -->
        <test-method is-config="true" signature="setUp()[pri:0, instance:com.crm.qa.testcases.DealsPageTest@7ed7259e]" started-at="2018-06-21T13:43:53Z" name="setUp" finished-at="2018-06-21T13:44:02Z" duration-ms="9524" status="PASS">
          <reporter-output>
          </reporter-output>
        </test-method> <!-- setUp -->
        <test-method signature="createNewDealTest(java.lang.String, java.lang.String, java.lang.String, java.lang.String, java.lang.String, java.lang.String, java.lang.String)[pri:2, instance:com.crm.qa.testcases.DealsPageTest@7ed7259e]" started-at="2018-06-21T13:44:02Z" name="createNewDealTest" data-provider="getDealsTestData" finished-at="2018-06-21T13:44:08Z" duration-ms="5908" status="PASS">
          <params>
            <param index="0">
              <value>
                <![CDATA[Sales VP]]>
              </value>
            </param>
            <param index="1">
              <value>
                <![CDATA[Games]]>
              </value>
            </param>
            <param index="2">
              <value>
                <![CDATA[Phi Khang]]>
              </value>
            </param>
            <param index="3">
              <value>
                <![CDATA[11.0]]>
              </value>
            </param>
            <param index="4">
              <value>
                <![CDATA[Online]]>
              </value>
            </param>
            <param index="5">
              <value>
                <![CDATA[30-May-2018]]>
              </value>
            </param>
            <param index="6">
              <value>
                <![CDATA[31-May-2018]]>
              </value>
            </param>
          </params>
          <reporter-output>
          </reporter-output>
        </test-method> <!-- createNewDealTest -->
        <test-method is-config="true" signature="tearDown()[pri:0, instance:com.crm.qa.testcases.DealsPageTest@7ed7259e]" started-at="2018-06-21T13:44:08Z" name="tearDown" finished-at="2018-06-21T13:44:09Z" duration-ms="590" status="PASS">
          <reporter-output>
          </reporter-output>
        </test-method> <!-- tearDown -->
      </class> <!-- com.crm.qa.testcases.DealsPageTest -->
      <class name="com.crm.qa.testcases.LoginPageTest">
        <test-method is-config="true" signature="setUp()[pri:0, instance:com.crm.qa.testcases.LoginPageTest@3427b02d]" started-at="2018-06-21T13:43:15Z" name="setUp" finished-at="2018-06-21T13:43:20Z" duration-ms="5056" status="PASS">
          <reporter-output>
          </reporter-output>
        </test-method> <!-- setUp -->
        <test-method signature="loginPageTitleTest()[pri:1, instance:com.crm.qa.testcases.LoginPageTest@3427b02d]" started-at="2018-06-21T13:43:20Z" name="loginPageTitleTest" finished-at="2018-06-21T13:43:20Z" duration-ms="26" status="PASS">
          <reporter-output>
          </reporter-output>
        </test-method> <!-- loginPageTitleTest -->
        <test-method is-config="true" signature="tearDown()[pri:0, instance:com.crm.qa.testcases.LoginPageTest@3427b02d]" started-at="2018-06-21T13:43:20Z" name="tearDown" finished-at="2018-06-21T13:43:21Z" duration-ms="573" status="PASS">
          <reporter-output>
          </reporter-output>
        </test-method> <!-- tearDown -->
      </class> <!-- com.crm.qa.testcases.LoginPageTest -->
    </test> <!-- Command line test -->
  </suite> <!-- Command line suite -->
</testng-results>
