<?xml version="1.0" encoding="UTF-8"?>
<testng-results ignored="0" total="6" passed="6" failed="0" skipped="0">
  <reporter-output>
  </reporter-output>
  <suite started-at="2018-06-21T00:57:07Z" name="FREE CRM Application Test Automation Test Suite" finished-at="2018-06-21T00:58:09Z" duration-ms="62049">
    <groups>
    </groups>
    <test started-at="2018-06-21T00:57:07Z" name="Free CRM App Test Cases" finished-at="2018-06-21T00:58:09Z" duration-ms="62049">
      <class name="com.crm.qa.testcases.HomePageTest">
        <test-method is-config="true" signature="setUp()[pri:0, instance:com.crm.qa.testcases.HomePageTest@2f54a33d]" started-at="2018-06-20T17:57:16Z" name="setUp" finished-at="2018-06-20T17:57:27Z" duration-ms="11013" status="PASS">
          <reporter-output>
          </reporter-output>
        </test-method> <!-- setUp -->
        <test-method signature="verifyHomePageTitleTest()[pri:1, instance:com.crm.qa.testcases.HomePageTest@2f54a33d]" started-at="2018-06-20T17:57:27Z" name="verifyHomePageTitleTest" finished-at="2018-06-20T17:57:27Z" duration-ms="84" status="PASS">
          <reporter-output>
          </reporter-output>
        </test-method> <!-- verifyHomePageTitleTest -->
        <test-method is-config="true" signature="tearDown()[pri:0, instance:com.crm.qa.testcases.HomePageTest@2f54a33d]" started-at="2018-06-20T17:57:27Z" name="tearDown" finished-at="2018-06-20T17:57:28Z" duration-ms="638" status="PASS">
          <reporter-output>
          </reporter-output>
        </test-method> <!-- tearDown -->
        <test-method is-config="true" signature="setUp()[pri:0, instance:com.crm.qa.testcases.HomePageTest@2f54a33d]" started-at="2018-06-20T17:57:34Z" name="setUp" finished-at="2018-06-20T17:57:46Z" duration-ms="11682" status="PASS">
          <reporter-output>
          </reporter-output>
        </test-method> <!-- setUp -->
        <test-method signature="verifyUserNameTest()[pri:2, instance:com.crm.qa.testcases.HomePageTest@2f54a33d]" started-at="2018-06-20T17:57:46Z" name="verifyUserNameTest" finished-at="2018-06-20T17:57:46Z" duration-ms="237" status="PASS">
          <reporter-output>
          </reporter-output>
        </test-method> <!-- verifyUserNameTest -->
        <test-method is-config="true" signature="tearDown()[pri:0, instance:com.crm.qa.testcases.HomePageTest@2f54a33d]" started-at="2018-06-20T17:57:46Z" name="tearDown" finished-at="2018-06-20T17:57:47Z" duration-ms="629" status="PASS">
          <reporter-output>
          </reporter-output>
        </test-method> <!-- tearDown -->
        <test-method is-config="true" signature="setUp()[pri:0, instance:com.crm.qa.testcases.HomePageTest@2f54a33d]" started-at="2018-06-20T17:57:57Z" name="setUp" finished-at="2018-06-20T17:58:06Z" duration-ms="9011" status="PASS">
          <reporter-output>
          </reporter-output>
        </test-method> <!-- setUp -->
        <test-method signature="verifyContactsLinkTest()[pri:3, instance:com.crm.qa.testcases.HomePageTest@2f54a33d]" started-at="2018-06-20T17:58:06Z" name="verifyContactsLinkTest" finished-at="2018-06-20T17:58:08Z" duration-ms="1700" status="PASS">
          <reporter-output>
          </reporter-output>
        </test-method> <!-- verifyContactsLinkTest -->
        <test-method is-config="true" signature="tearDown()[pri:0, instance:com.crm.qa.testcases.HomePageTest@2f54a33d]" started-at="2018-06-20T17:58:08Z" name="tearDown" finished-at="2018-06-20T17:58:09Z" duration-ms="649" status="PASS">
          <reporter-output>
          </reporter-output>
        </test-method> <!-- tearDown -->
      </class> <!-- com.crm.qa.testcases.HomePageTest -->
      <class name="com.crm.qa.testcases.LoginPageTest">
        <test-method is-config="true" signature="setUp()[pri:0, instance:com.crm.qa.testcases.LoginPageTest@60015ef5]" started-at="2018-06-20T17:57:07Z" name="setUp" finished-at="2018-06-20T17:57:15Z" duration-ms="8605" status="PASS">
          <reporter-output>
          </reporter-output>
        </test-method> <!-- setUp -->
        <test-method signature="loginPageTitleTest()[pri:1, instance:com.crm.qa.testcases.LoginPageTest@60015ef5]" started-at="2018-06-20T17:57:15Z" name="loginPageTitleTest" finished-at="2018-06-20T17:57:15Z" duration-ms="24" status="PASS">
          <reporter-output>
          </reporter-output>
        </test-method> <!-- loginPageTitleTest -->
        <test-method is-config="true" signature="tearDown()[pri:0, instance:com.crm.qa.testcases.LoginPageTest@60015ef5]" started-at="2018-06-20T17:57:15Z" name="tearDown" finished-at="2018-06-20T17:57:16Z" duration-ms="663" status="PASS">
          <reporter-output>
          </reporter-output>
        </test-method> <!-- tearDown -->
        <test-method is-config="true" signature="setUp()[pri:0, instance:com.crm.qa.testcases.LoginPageTest@60015ef5]" started-at="2018-06-20T17:57:28Z" name="setUp" finished-at="2018-06-20T17:57:34Z" duration-ms="6080" status="PASS">
          <reporter-output>
          </reporter-output>
        </test-method> <!-- setUp -->
        <test-method signature="crmLogoImageTest()[pri:2, instance:com.crm.qa.testcases.LoginPageTest@60015ef5]" started-at="2018-06-20T17:57:34Z" name="crmLogoImageTest" finished-at="2018-06-20T17:57:34Z" duration-ms="89" status="PASS">
          <reporter-output>
          </reporter-output>
        </test-method> <!-- crmLogoImageTest -->
        <test-method is-config="true" signature="tearDown()[pri:0, instance:com.crm.qa.testcases.LoginPageTest@60015ef5]" started-at="2018-06-20T17:57:34Z" name="tearDown" finished-at="2018-06-20T17:57:34Z" duration-ms="635" status="PASS">
          <reporter-output>
          </reporter-output>
        </test-method> <!-- tearDown -->
        <test-method is-config="true" signature="setUp()[pri:0, instance:com.crm.qa.testcases.LoginPageTest@60015ef5]" started-at="2018-06-20T17:57:47Z" name="setUp" finished-at="2018-06-20T17:57:53Z" duration-ms="6359" status="PASS">
          <reporter-output>
          </reporter-output>
        </test-method> <!-- setUp -->
        <test-method signature="loginTest()[pri:3, instance:com.crm.qa.testcases.LoginPageTest@60015ef5]" started-at="2018-06-20T17:57:53Z" name="loginTest" finished-at="2018-06-20T17:57:57Z" duration-ms="3274" status="PASS">
          <reporter-output>
          </reporter-output>
        </test-method> <!-- loginTest -->
        <test-method is-config="true" signature="tearDown()[pri:0, instance:com.crm.qa.testcases.LoginPageTest@60015ef5]" started-at="2018-06-20T17:57:57Z" name="tearDown" finished-at="2018-06-20T17:57:57Z" duration-ms="630" status="PASS">
          <reporter-output>
          </reporter-output>
        </test-method> <!-- tearDown -->
      </class> <!-- com.crm.qa.testcases.LoginPageTest -->
    </test> <!-- Free CRM App Test Cases -->
  </suite> <!-- FREE CRM Application Test Automation Test Suite -->
</testng-results>
