<?xml version="1.0" encoding="UTF-8"?>
<testng-results ignored="3" total="4" passed="1" failed="0" skipped="0">
  <reporter-output>
  </reporter-output>
  <suite started-at="2018-06-10T01:03:10Z" name="Default suite" finished-at="2018-06-10T01:03:24Z" duration-ms="13783">
    <groups>
    </groups>
    <test started-at="2018-06-10T01:03:10Z" name="Default test" finished-at="2018-06-10T01:03:24Z" duration-ms="13783">
      <class name="com.crm.qa.testcases.HomePageTest">
        <test-method is-config="true" signature="setUp()[pri:0, instance:com.crm.qa.testcases.HomePageTest@50caa560]" started-at="2018-06-09T18:03:10Z" name="setUp" finished-at="2018-06-09T18:03:23Z" duration-ms="12697" status="PASS">
          <reporter-output>
          </reporter-output>
        </test-method> <!-- setUp -->
        <test-method signature="verifyHomePageTitleTest()[pri:1, instance:com.crm.qa.testcases.HomePageTest@50caa560]" started-at="2018-06-09T18:03:23Z" name="verifyHomePageTitleTest" finished-at="2018-06-09T18:03:23Z" duration-ms="241" status="PASS">
          <reporter-output>
          </reporter-output>
        </test-method> <!-- verifyHomePageTitleTest -->
        <test-method is-config="true" signature="tearDown()[pri:0, instance:com.crm.qa.testcases.HomePageTest@50caa560]" started-at="2018-06-09T18:03:23Z" name="tearDown" finished-at="2018-06-09T18:03:24Z" duration-ms="816" status="PASS">
          <reporter-output>
          </reporter-output>
        </test-method> <!-- tearDown -->
      </class> <!-- com.crm.qa.testcases.HomePageTest -->
    </test> <!-- Default test -->
  </suite> <!-- Default suite -->
</testng-results>
